{"level":"info","message":"app started on port 4200","timestamp":"2023-05-14T14:03:37.304Z"}
{"level":"info","message":"app closed","timestamp":"2023-05-14T14:05:39.151Z"}
{"level":"info","message":"app started on port 4200","timestamp":"2023-05-14T14:16:11.655Z"}
{"level":"info","message":"app started on port 4200","timestamp":"2023-05-14T14:18:05.142Z"}
{"level":"info","message":"app started on port 4200","timestamp":"2023-05-14T14:24:03.108Z"}
{"level":"info","message":"app started on port 4200","timestamp":"2023-05-14T14:40:52.235Z"}
{"level":"info","message":"app closed","timestamp":"2023-05-14T14:41:57.206Z"}
{"level":"info","message":"app started on port 4200","timestamp":"2023-05-14T14:43:22.605Z"}
{"level":"info","message":"app started on port 4200","timestamp":"2023-05-14T15:23:32.202Z"}
{"level":"info","message":"app started on port 4200","timestamp":"2023-05-14T15:26:50.858Z"}
{"level":"info","message":"app closed","timestamp":"2023-05-14T15:27:07.266Z"}
{"level":"info","message":"app started on port 4200","timestamp":"2023-05-14T16:36:24.924Z"}
{"level":"info","message":"app closed","timestamp":"2023-05-14T16:38:03.292Z"}
{"level":"info","message":"app started on port 4200","timestamp":"2023-05-15T09:18:59.402Z"}
{"level":"info","message":"app started on port 4200","timestamp":"2023-05-15T09:25:36.307Z"}
{"level":"info","message":"app started on port 4200","timestamp":"2023-05-15T10:24:40.250Z"}
{"level":"info","message":"app closed","timestamp":"2023-05-15T10:27:30.769Z"}
{"level":"info","message":"app started on port 4200","timestamp":"2023-05-15T10:27:51.737Z"}
{"level":"info","message":"app started on port 4200","timestamp":"2023-05-15T14:31:34.319Z"}
{"level":"info","message":"app closed","timestamp":"2023-05-15T14:32:07.714Z"}
{"level":"info","message":"app started on port 4200","timestamp":"2023-05-15T14:32:58.150Z"}
{"level":"info","message":"app closed","timestamp":"2023-05-15T14:59:52.411Z"}
{"level":"info","message":"app started on port 4200","timestamp":"2023-05-15T15:00:25.117Z"}
{"level":"info","message":"app closed","timestamp":"2023-05-15T15:04:20.429Z"}
{"level":"info","message":"app started on port 4200","timestamp":"2023-05-15T15:04:45.845Z"}
{"level":"info","message":"app closed","timestamp":"2023-05-16T08:12:30.300Z"}
{"level":"info","message":"app started on port 4200","timestamp":"2023-05-16T09:29:31.199Z"}
{"level":"info","message":"app started on port 4200","timestamp":"2023-05-16T10:28:27.255Z"}
{"level":"info","message":"app started on port 4200","timestamp":"2023-05-16T13:56:47.875Z"}
{"level":"info","message":"This is a log message from Angular.","timestamp":"2023-05-16T13:57:16.432Z"}
{"level":"info","message":"This is a log message from Angular.","timestamp":"2023-05-16T13:58:06.308Z"}
{"level":"info","message":"This is a log message from Angular.","timestamp":"2023-05-16T14:06:50.778Z"}
{"level":"info","message":"app started on port 4200","timestamp":"2023-05-16T16:02:09.831Z"}
{"level":"info","message":"app started on port 4200","timestamp":"2023-05-16T16:03:10.924Z"}
{"level":"info","message":"app started on port 4200","timestamp":"2023-05-17T08:45:41.587Z"}
{"level":"info","message":"app started on port 4200","timestamp":"2023-05-19T21:43:03.082Z"}
{"level":"info","message":"app started on port 4200","timestamp":"2023-05-20T09:26:01.097Z"}
{"level":"info","message":"Hello, logging from Angular!","timestamp":"2023-05-20T09:26:11.482Z"}
{"level":"info","message":"Hello, logging from Angular!","timestamp":"2023-05-20T09:27:03.985Z"}
{"level":"info","message":"Hello, logging from Angular!","timestamp":"2023-05-20T09:28:12.541Z"}
{"level":"info","message":"Hello, logging from Angular!","timestamp":"2023-05-20T09:28:33.475Z"}
{"level":"info","message":"Hello, logging from Angular!","timestamp":"2023-05-20T09:30:04.408Z"}
{"level":"info","message":"Hello, logging from Angular!","timestamp":"2023-05-20T09:30:33.241Z"}
{"level":"info","message":"Hello, logging from Angular!","timestamp":"2023-05-20T10:30:34.431Z"}
{"level":"info","message":"Hello, logging from Angular!","timestamp":"2023-05-20T10:30:55.994Z"}
{"level":"info","message":"Hello, logging from Angular!","timestamp":"2023-05-20T10:31:39.758Z"}
{"level":"info","message":"Hello, logging from Angular!","timestamp":"2023-05-20T10:31:41.916Z"}
{"level":"info","message":"Hello, logging from Angular!","timestamp":"2023-05-20T10:33:06.050Z"}
{"level":"info","message":"Hello, logging from Angular!","timestamp":"2023-05-20T10:34:08.244Z"}
{"level":"info","message":"Hello, logging from Angular!","timestamp":"2023-05-20T10:35:33.611Z"}
{"level":"info","message":"Hello, logging from Angular!","timestamp":"2023-05-20T10:35:36.582Z"}
{"level":"info","message":"Hello, logging from Angular!","timestamp":"2023-05-20T10:35:41.031Z"}
{"level":"info","message":"Hello, logging from Angular!","timestamp":"2023-05-20T10:37:26.473Z"}
{"level":"info","message":"Hello, logging from Angular!","timestamp":"2023-05-20T10:39:42.564Z"}
{"level":"info","message":"Error logging message","timestamp":"2023-05-20T10:39:42.576Z"}
{"level":"info","message":"Hello, logging from Angular!","timestamp":"2023-05-20T10:42:56.505Z"}
{"level":"info","message":"Error logging message","timestamp":"2023-05-20T10:42:56.517Z"}
{"level":"info","message":"Hello, logging from Angular!","timestamp":"2023-05-20T10:46:40.238Z"}
{"level":"info","message":"Error logging message","timestamp":"2023-05-20T10:46:40.248Z"}
{"level":"info","message":"Hello, logging from Angular!","timestamp":"2023-05-20T10:46:41.714Z"}
{"level":"info","message":"Error logging message","timestamp":"2023-05-20T10:46:41.721Z"}
{"level":"info","message":"Hello, logging from Angular!","timestamp":"2023-05-20T10:46:42.620Z"}
{"level":"info","message":"Error logging message","timestamp":"2023-05-20T10:46:42.628Z"}
{"level":"info","message":"Hello, logging from Angular!","timestamp":"2023-05-20T10:48:10.479Z"}
{"level":"info","message":"Error logging message","timestamp":"2023-05-20T10:48:10.487Z"}
{"level":"info","message":"Hello, logging from Angular!","timestamp":"2023-05-20T10:55:49.202Z"}
{"level":"info","message":"Http failure during parsing for http://localhost:3001/api/logger","timestamp":"2023-05-20T10:55:49.220Z"}
{"level":"info","message":"Hello, logging from Angular!","timestamp":"2023-05-20T11:32:33.658Z"}
{"level":"info","message":"Http failure during parsing for http://localhost:3001/api/logger","timestamp":"2023-05-20T11:32:33.678Z"}
{"level":"info","message":"Hello, logging from Angular!","timestamp":"2023-05-20T11:35:47.536Z"}
{"level":"info","message":"Http failure during parsing for http://localhost:3001/api/logger","timestamp":"2023-05-20T11:35:47.544Z"}
{"level":"info","message":"Hello, logging from Angular!","timestamp":"2023-05-20T11:35:49.812Z"}
{"level":"info","message":"Http failure during parsing for http://localhost:3001/api/logger","timestamp":"2023-05-20T11:35:49.818Z"}
{"level":"info","message":"Hello, logging from Angular!","timestamp":"2023-05-20T11:38:41.776Z"}
{"level":"info","message":"Http failure during parsing for http://localhost:3001/api/logger","timestamp":"2023-05-20T11:38:41.782Z"}
{"level":"info","message":"Hello, logging from Angular!","timestamp":"2023-05-20T12:16:31.817Z"}
{"level":"info","message":"Http failure during parsing for http://localhost:3001/api/logger","timestamp":"2023-05-20T12:16:31.836Z"}
{"level":"info","message":"Hello, logging from Angular!","timestamp":"2023-05-20T12:17:44.287Z"}
{"level":"info","message":"Http failure during parsing for http://localhost:3001/api/logger","timestamp":"2023-05-20T12:17:44.301Z"}
{"level":"info","message":"app started on port 4200","timestamp":"2023-05-20T12:19:07.260Z"}
{"level":"info","message":"Hello, logging from Angular!","timestamp":"2023-05-20T12:20:20.116Z"}
{"level":"info","message":"Http failure during parsing for http://localhost:3001/api/logger","timestamp":"2023-05-20T12:20:20.125Z"}
{"level":"info","message":"app started on port 4200","timestamp":"2023-05-20T12:24:43.087Z"}
{"level":"info","message":"Hello, logging from Angular!","timestamp":"2023-05-20T12:25:00.545Z"}
{"level":"info","message":"Http failure during parsing for http://localhost:3001/api/logger","timestamp":"2023-05-20T12:25:00.559Z"}
{"level":"info","message":"app started on port 4200","timestamp":"2023-05-20T12:26:05.477Z"}
{"level":"info","message":"Hello, logging from Angular!","timestamp":"2023-05-20T12:26:10.108Z"}
{"level":"info","message":"Http failure during parsing for http://localhost:3001/api/logger","timestamp":"2023-05-20T12:26:10.123Z"}
{"level":"info","message":"app started on port 4200","timestamp":"2023-05-20T12:29:41.663Z"}
{"level":"info","message":"Hello, logging from Angular!","timestamp":"2023-05-20T12:29:51.079Z"}
{"level":"info","message":"Http failure during parsing for http://localhost:3001/api/logger","timestamp":"2023-05-20T12:29:51.092Z"}
{"level":"info","message":"app started on port 4200","timestamp":"2023-05-20T12:30:51.613Z"}
{"level":"info","message":"app started on port 4200","timestamp":"2023-05-20T12:37:52.484Z"}
{"level":"info","message":"app started on port 4200","timestamp":"2023-05-20T12:43:27.145Z"}
{"level":"info","message":"app started on port 4200 logger","timestamp":"2023-05-20T12:45:52.724Z"}
{"level":"info","message":"app closed","timestamp":"2023-05-20T12:49:39.851Z"}
